<?xml version="1.0" encoding="UTF-8"?>
<robot generator="Robot 4.1.3 (Python 3.10.1 on win32)" generated="20220104 20:34:24.880" rpa="false" schemaversion="2">
<suite id="s1" name="Tests" source="C:\GravidadeZero\yodapp\tests">
<suite id="s1-s1" name="Cadastro" source="C:\GravidadeZero\yodapp\tests\cadastro.robot">
<test id="s1-s1-t1" name="Deve cadastrar um novo personagem">
<kw name="Start Session" library="base" type="SETUP">
<kw name="New Browser" library="Browser">
<arg>chromium</arg>
<arg>headless=False</arg>
<arg>slowMo=00:00:00</arg>
<tag>BrowserControl</tag>
<tag>Setter</tag>
<doc>Create a new playwright Browser with specified options.</doc>
<msg timestamp="20220104 20:34:25.629" level="INFO">{"browser": "chromium", "headless": false, "handleSIGINT": true, "handleSIGTERM": true, "handleSIGHUP": true, "timeout": 30000.0, "devtools": false, "slowMo": 0.0, "tracesDir": "C:\\GravidadeZero\\yodapp\\logs\\browser\\traces\\48f2d905-05fe-4978-991c-d595243de8a1"}</msg>
<msg timestamp="20220104 20:34:25.921" level="INFO">Successfully created browser with options: {"browser":"chromium","headless":false,"handleSIGINT":true,"handleSIGTERM":true,"handleSIGHUP":true,"timeout":30000,"devtools":false,"slowMo":0,"tracesDir":"C:\\GravidadeZero\\yodapp\\logs\\browser\\traces\\48f2d905-05fe-4978-991c-d595243de8a1"}</msg>
<status status="PASS" starttime="20220104 20:34:25.629" endtime="20220104 20:34:25.922"/>
</kw>
<kw name="New Page" library="Browser">
<arg>${BASE_URL}</arg>
<tag>BrowserControl</tag>
<tag>Setter</tag>
<doc>Open a new Page.</doc>
<msg timestamp="20220104 20:34:27.160" level="INFO">Successfully initialized new page object and opened url: https://yodapp-testing.vercel.app</msg>
<msg timestamp="20220104 20:34:27.160" level="INFO">No context was open. New context was automatically opened when this page is created.</msg>
<status status="PASS" starttime="20220104 20:34:25.922" endtime="20220104 20:34:27.160"/>
</kw>
<status status="PASS" starttime="20220104 20:34:25.629" endtime="20220104 20:34:27.160"/>
</kw>
<kw name="Factory Yoda" library="users">
<var>${user}</var>
<msg timestamp="20220104 20:34:27.162" level="INFO">${user} = {'name': 'Mestre Yoda', 'email': 'yoda@jedi.com', 'ordem': 'Jedi', 'tpjedi': 'Cavaleiro Jedi', 'bdate': 'fevereiro-1970-20', 'instagram': '@yoda'}</msg>
<status status="PASS" starttime="20220104 20:34:27.161" endtime="20220104 20:34:27.162"/>
</kw>
<kw name="Go To User Form" library="actions">
<kw name="Click" library="Browser">
<arg>text=Novo</arg>
<tag>PageContent</tag>
<tag>Setter</tag>
<doc>Simulates mouse click on the element found by ``selector``.</doc>
<status status="PASS" starttime="20220104 20:34:27.163" endtime="20220104 20:34:27.270"/>
</kw>
<kw name="Wait For Elements State" library="Browser">
<arg>css=.card-header-title &gt;&gt; text=Cadastrar novo usuário</arg>
<arg>visible</arg>
<arg>5</arg>
<tag>PageContent</tag>
<tag>Wait</tag>
<doc>Waits for the element found by ``selector`` to satisfy state option.</doc>
<msg timestamp="20220104 20:34:27.452" level="INFO">Waited for Element with selector css=.card-header-title &gt;&gt; text=Cadastrar novo usuário at state visible</msg>
<status status="PASS" starttime="20220104 20:34:27.271" endtime="20220104 20:34:27.452"/>
</kw>
<status status="PASS" starttime="20220104 20:34:27.163" endtime="20220104 20:34:27.452"/>
</kw>
<kw name="Fill User Form" library="actions">
<arg>${user}</arg>
<kw name="Fill Text" library="Browser">
<arg>css=input[name="nome"]</arg>
<arg>${user}[name]</arg>
<tag>PageContent</tag>
<tag>Setter</tag>
<doc>Clears and fills the given ``txt`` into the text field found by ``selector``.</doc>
<msg timestamp="20220104 20:34:27.454" level="INFO">Fills the text 'Mestre Yoda' in the given field.</msg>
<status status="PASS" starttime="20220104 20:34:27.453" endtime="20220104 20:34:27.483"/>
</kw>
<kw name="Fill Text" library="Browser">
<arg>css=input[name="email"]</arg>
<arg>${user}[email]</arg>
<tag>PageContent</tag>
<tag>Setter</tag>
<doc>Clears and fills the given ``txt`` into the text field found by ``selector``.</doc>
<msg timestamp="20220104 20:34:27.483" level="INFO">Fills the text 'yoda@jedi.com' in the given field.</msg>
<status status="PASS" starttime="20220104 20:34:27.483" endtime="20220104 20:34:27.505"/>
</kw>
<kw name="Select Options By" library="Browser">
<arg>css=.ordem select</arg>
<arg>text</arg>
<arg>${user}[ordem]</arg>
<tag>PageContent</tag>
<tag>Setter</tag>
<doc>Selects options from select element found by ``selector``.</doc>
<status status="PASS" starttime="20220104 20:34:27.505" endtime="20220104 20:34:27.535"/>
</kw>
<kw name="Select Birth Date" library="actions">
<arg>${user}[bdate]</arg>
<kw name="Split String" library="String">
<var>@{date}</var>
<arg>${text_date}</arg>
<arg>-</arg>
<doc>Splits the ``string`` using ``separator`` as a delimiter string.</doc>
<msg timestamp="20220104 20:34:27.536" level="INFO">@{date} = [ fevereiro | 1970 | 20 ]</msg>
<status status="PASS" starttime="20220104 20:34:27.535" endtime="20220104 20:34:27.536"/>
</kw>
<kw name="Click" library="Browser">
<arg>css=input[name="Data de nascimento"]</arg>
<tag>PageContent</tag>
<tag>Setter</tag>
<doc>Simulates mouse click on the element found by ``selector``.</doc>
<status status="PASS" starttime="20220104 20:34:27.536" endtime="20220104 20:34:27.665"/>
</kw>
<kw name="Select Options By" library="Browser">
<arg>xpath=(//header[@class="datepicker-header"]//select)[1]</arg>
<arg>text</arg>
<arg>${date}[0]</arg>
<tag>PageContent</tag>
<tag>Setter</tag>
<doc>Selects options from select element found by ``selector``.</doc>
<status status="PASS" starttime="20220104 20:34:27.665" endtime="20220104 20:34:27.695"/>
</kw>
<kw name="Select Options By" library="Browser">
<arg>xpath=(//header[@class="datepicker-header"]//select)[2]</arg>
<arg>value</arg>
<arg>${date}[1]</arg>
<tag>PageContent</tag>
<tag>Setter</tag>
<doc>Selects options from select element found by ``selector``.</doc>
<status status="PASS" starttime="20220104 20:34:27.695" endtime="20220104 20:34:27.723"/>
</kw>
<kw name="Click" library="Browser">
<arg>xpath=//a[contains(@class, "datepicker-cell")]//span[text()="${date}[2]"]</arg>
<tag>PageContent</tag>
<tag>Setter</tag>
<doc>Simulates mouse click on the element found by ``selector``.</doc>
<status status="PASS" starttime="20220104 20:34:27.723" endtime="20220104 20:34:27.783"/>
</kw>
<status status="PASS" starttime="20220104 20:34:27.535" endtime="20220104 20:34:27.783"/>
</kw>
<kw name="Fill Text" library="Browser">
<arg>id=insta</arg>
<arg>${user}[instagram]</arg>
<tag>PageContent</tag>
<tag>Setter</tag>
<doc>Clears and fills the given ``txt`` into the text field found by ``selector``.</doc>
<msg timestamp="20220104 20:34:27.784" level="INFO">Fills the text '@yoda' in the given field.</msg>
<status status="PASS" starttime="20220104 20:34:27.783" endtime="20220104 20:34:27.804"/>
</kw>
<status status="PASS" starttime="20220104 20:34:27.453" endtime="20220104 20:34:27.804"/>
</kw>
<kw name="Select Jedi" library="actions">
<arg>${user}[tpjedi]</arg>
<kw name="Click" library="Browser">
<arg>xpath=//input[@value="${tpjedi}"]/../span[@class="check"]</arg>
<tag>PageContent</tag>
<tag>Setter</tag>
<doc>Simulates mouse click on the element found by ``selector``.</doc>
<status status="PASS" starttime="20220104 20:34:27.805" endtime="20220104 20:34:27.875"/>
</kw>
<status status="PASS" starttime="20220104 20:34:27.804" endtime="20220104 20:34:27.875"/>
</kw>
<kw name="Check Accept Comunications" library="actions">
<kw name="Click" library="Browser">
<arg>xpath=//input[@name="comunications"]/..//span[@class="check"]</arg>
<tag>PageContent</tag>
<tag>Setter</tag>
<doc>Simulates mouse click on the element found by ``selector``.</doc>
<status status="PASS" starttime="20220104 20:34:27.876" endtime="20220104 20:34:27.959"/>
</kw>
<status status="PASS" starttime="20220104 20:34:27.875" endtime="20220104 20:34:27.960"/>
</kw>
<kw name="Submit User Form" library="actions">
<kw name="Click" library="Browser">
<arg>css=button &gt;&gt; text=Cadastrar</arg>
<tag>PageContent</tag>
<tag>Setter</tag>
<doc>Simulates mouse click on the element found by ``selector``.</doc>
<status status="PASS" starttime="20220104 20:34:27.960" endtime="20220104 20:34:28.015"/>
</kw>
<status status="PASS" starttime="20220104 20:34:27.960" endtime="20220104 20:34:28.015"/>
</kw>
<kw name="Toaster Message Should Be" library="actions">
<arg>Usuário cadastrado com sucesso!</arg>
<kw name="Set Variable" library="BuiltIn">
<var>${element}</var>
<arg>css=.toast div</arg>
<doc>Returns the given values which can then be assigned to a variables.</doc>
<msg timestamp="20220104 20:34:28.016" level="INFO">${element} = css=.toast div</msg>
<status status="PASS" starttime="20220104 20:34:28.016" endtime="20220104 20:34:28.016"/>
</kw>
<kw name="Wait For Elements State" library="Browser">
<arg>${element}</arg>
<arg>visible</arg>
<arg>5</arg>
<tag>PageContent</tag>
<tag>Wait</tag>
<doc>Waits for the element found by ``selector`` to satisfy state option.</doc>
<msg timestamp="20220104 20:34:28.025" level="INFO">Waited for Element with selector css=.toast div at state visible</msg>
<status status="PASS" starttime="20220104 20:34:28.016" endtime="20220104 20:34:28.026"/>
</kw>
<kw name="Get Text" library="Browser">
<arg>${element}</arg>
<arg>equal</arg>
<arg>${expected_message}</arg>
<tag>Assertion</tag>
<tag>Getter</tag>
<tag>PageContent</tag>
<doc>Returns text attribute of the element found by ``selector``.</doc>
<status status="PASS" starttime="20220104 20:34:28.026" endtime="20220104 20:34:28.043"/>
</kw>
<status status="PASS" starttime="20220104 20:34:28.016" endtime="20220104 20:34:28.043"/>
</kw>
<kw name="Go To Home Page" library="actions">
<kw name="Go To" library="Browser">
<arg>${BASE_URL}</arg>
<tag>BrowserControl</tag>
<tag>Setter</tag>
<doc>Navigates to the given ``url``.</doc>
<msg timestamp="20220104 20:34:28.245" level="INFO">Successfully opened URL https://yodapp-testing.vercel.app</msg>
<status status="PASS" starttime="20220104 20:34:28.044" endtime="20220104 20:34:28.246"/>
</kw>
<kw name="Wait For Elements State" library="Browser">
<arg>css=.carousel</arg>
<arg>visible</arg>
<arg>5</arg>
<tag>PageContent</tag>
<tag>Wait</tag>
<doc>Waits for the element found by ``selector`` to satisfy state option.</doc>
<msg timestamp="20220104 20:34:28.261" level="INFO">Waited for Element with selector css=.carousel at state visible</msg>
<status status="PASS" starttime="20220104 20:34:28.246" endtime="20220104 20:34:28.261"/>
</kw>
<status status="PASS" starttime="20220104 20:34:28.043" endtime="20220104 20:34:28.261"/>
</kw>
<kw name="User Should Be Visible" library="actions">
<arg>${user}</arg>
<kw name="Set Variable" library="BuiltIn">
<var>${element}</var>
<arg>xpath=//td[contains(text(), "${user}[email]")]/..</arg>
<doc>Returns the given values which can then be assigned to a variables.</doc>
<msg timestamp="20220104 20:34:28.263" level="INFO">${element} = xpath=//td[contains(text(), "yoda@jedi.com")]/..</msg>
<status status="PASS" starttime="20220104 20:34:28.262" endtime="20220104 20:34:28.263"/>
</kw>
<kw name="Wait For Elements State" library="Browser">
<arg>${element}</arg>
<arg>visible</arg>
<arg>5</arg>
<tag>PageContent</tag>
<tag>Wait</tag>
<doc>Waits for the element found by ``selector`` to satisfy state option.</doc>
<msg timestamp="20220104 20:34:28.270" level="INFO">Waited for Element with selector xpath=//td[contains(text(), "yoda@jedi.com")]/.. at state visible</msg>
<status status="PASS" starttime="20220104 20:34:28.263" endtime="20220104 20:34:28.270"/>
</kw>
<kw name="Get Text" library="Browser">
<arg>${element}</arg>
<arg>contains</arg>
<arg>${user}[name]</arg>
<tag>Assertion</tag>
<tag>Getter</tag>
<tag>PageContent</tag>
<doc>Returns text attribute of the element found by ``selector``.</doc>
<status status="PASS" starttime="20220104 20:34:28.270" endtime="20220104 20:34:28.288"/>
</kw>
<kw name="Get Text" library="Browser">
<arg>${element}</arg>
<arg>contains</arg>
<arg>${user}[instagram]</arg>
<tag>Assertion</tag>
<tag>Getter</tag>
<tag>PageContent</tag>
<doc>Returns text attribute of the element found by ``selector``.</doc>
<status status="PASS" starttime="20220104 20:34:28.288" endtime="20220104 20:34:28.299"/>
</kw>
<status status="PASS" starttime="20220104 20:34:28.262" endtime="20220104 20:34:28.299"/>
</kw>
<kw name="End Session" library="base" type="TEARDOWN">
<kw name="Take Screenshot" library="Browser">
<tag>PageContent</tag>
<doc>Takes a screenshot of the current window or element and saves it to disk.</doc>
<msg timestamp="20220104 20:34:28.527" level="INFO" html="true">&lt;/td&gt;&lt;/tr&gt;&lt;tr&gt;&lt;td colspan="3"&gt;&lt;a href="browser/screenshot/robotframework-browser-screenshot-1.png"&gt;&lt;img src="browser/screenshot/robotframework-browser-screenshot-1.png" width="800px"&gt;&lt;/a&gt;</msg>
<status status="PASS" starttime="20220104 20:34:28.300" endtime="20220104 20:34:28.527"/>
</kw>
<status status="PASS" starttime="20220104 20:34:28.299" endtime="20220104 20:34:28.527"/>
</kw>
<tag>happy</tag>
<status status="PASS" starttime="20220104 20:34:25.626" endtime="20220104 20:34:28.528"/>
</test>
<doc>Suite de testes do cadastro de personangens</doc>
<status status="PASS" starttime="20220104 20:34:24.902" endtime="20220104 20:34:28.584"/>
</suite>
<status status="PASS" starttime="20220104 20:34:24.881" endtime="20220104 20:34:28.588"/>
</suite>
<statistics>
<total>
<stat pass="1" fail="0" skip="0">All Tests</stat>
</total>
<tag>
<stat pass="1" fail="0" skip="0">happy</stat>
</tag>
<suite>
<stat pass="1" fail="0" skip="0" id="s1" name="Tests">Tests</stat>
<stat pass="1" fail="0" skip="0" id="s1-s1" name="Cadastro">Tests.Cadastro</stat>
</suite>
</statistics>
<errors>
</errors>
</robot>
